MATLAB is selecting SOFTWARE OPENGL rendering.

                            < M A T L A B (R) >
                  Copyright 1984-2015 The MathWorks, Inc.
                   R2015a (8.5.0.197613) 64-bit (glnxa64)
                             February 12, 2015

 
To get started, type one of these: helpwin, helpdesk, or demo.
For product information, visit www.mathworks.com.
 

	Academic License

Submitting store on 9 processor(s).
No pid files found
Nothing to delete.
Launching MPI rank: 8 on: n125
Launching MPI rank: 7 on: n124
Launching MPI rank: 6 on: n123
Launching MPI rank: 5 on: n122
Launching MPI rank: 4 on: n121
Launching MPI rank: 3 on: n120
Launching MPI rank: 2 on: n119
Launching MPI rank: 1 on: n118
Launching MPI rank: 0 on: n117

unix_launch =

 ssh n125 -n 'cd /home/yhuang9/MeasureTimeOfAccumuloAndD4M; /bin/sh ./MatMPI/Unix_Commands.n125.8.sh  ' 2>>./MatMPI/remote.out &
 ssh n124 -n 'cd /home/yhuang9/MeasureTimeOfAccumuloAndD4M; /bin/sh ./MatMPI/Unix_Commands.n124.7.sh  ' 2>>./MatMPI/remote.out &
 ssh n123 -n 'cd /home/yhuang9/MeasureTimeOfAccumuloAndD4M; /bin/sh ./MatMPI/Unix_Commands.n123.6.sh  ' 2>>./MatMPI/remote.out &
 ssh n122 -n 'cd /home/yhuang9/MeasureTimeOfAccumuloAndD4M; /bin/sh ./MatMPI/Unix_Commands.n122.5.sh  ' 2>>./MatMPI/remote.out &
 ssh n121 -n 'cd /home/yhuang9/MeasureTimeOfAccumuloAndD4M; /bin/sh ./MatMPI/Unix_Commands.n121.4.sh  ' 2>>./MatMPI/remote.out &
 ssh n120 -n 'cd /home/yhuang9/MeasureTimeOfAccumuloAndD4M; /bin/sh ./MatMPI/Unix_Commands.n120.3.sh  ' 2>>./MatMPI/remote.out &
 ssh n119 -n 'cd /home/yhuang9/MeasureTimeOfAccumuloAndD4M; /bin/sh ./MatMPI/Unix_Commands.n119.2.sh  ' 2>>./MatMPI/remote.out &
 ssh n118 -n 'cd /home/yhuang9/MeasureTimeOfAccumuloAndD4M; /bin/sh ./MatMPI/Unix_Commands.n118.1.sh  ' 2>>./MatMPI/remote.out &
/bin/sh ./MatMPI/Unix_Commands.n117.0.sh &


****************** Now Running Store.m ***********************
I am just waiting!

------------------------------------------------------------------------
              abort() detected at Sat Jun 13 01:20:33 2015
------------------------------------------------------------------------

Configuration:
  Crash Decoding      : Disabled
  Crash Mode          : continue (default)
  Current Graphics Driver: Unknown software 
  Current Visual      : 0x22 (class 4, depth 24)
  Default Encoding    : UTF-8
  GNU C Library       : 2.12 stable
  Host Name           : n117
  MATLAB Architecture : glnxa64
  MATLAB Root         : /data/MATLAB/R2015a
  MATLAB Version      : 8.5.0.197613 (R2015a)
  OpenGL              : software
  Operating System    : Linux 2.6.32-431.5.1.el6.x86_64 #1 SMP Wed Feb 12 00:41:43 UTC 2014 x86_64
  Processor ID        : x86 Family 6 Model 26 Stepping 5, GenuineIntel
  Virtual Machine     : Java 1.7.0_60-b19 with Oracle Corporation Java HotSpot(TM) 64-Bit Server VM mixed mode
  Window System       : The X.Org Foundation (11604000), display localhost:11.0

Fault Count: 1


Abnormal termination:
abort()

Register State (from fault):
  RAX = 0000000000000000  RBX = 0000000000000400
  RCX = ffffffffffffffff  RDX = 0000000000000006
  RSP = 00007f8461330ab8  RBP = 00007f8461331500
  RSI = 0000000000004279  RDI = 0000000000004225

   R8 = 0000000000000000   R9 = 0000003a91820090
  R10 = 0000000000000008  R11 = 0000000000000202
  R12 = 0000000000000008  R13 = 00007f8461330de0
  R14 = 000000000000007b  R15 = 0000000000000007

  RIP = 0000003a91e32925  EFL = 0000000000000202

   CS = 0033   FS = 0000   GS = 0000

Stack Trace (from fault):
[  0] 0x0000003a91e32925                                   /lib64/libc.so.6+00207141 gsignal+00000053
[  1] 0x0000003a91e34105                                   /lib64/libc.so.6+00213253 abort+00000373
[  2] 0x0000003a91e70837                                   /lib64/libc.so.6+00460855
[  3] 0x0000003a91e76166                                   /lib64/libc.so.6+00483686
[  4] 0x00007f849792c510 /data/MATLAB/R2015a/bin/glnxa64/../../sys/os/glnxa64/libstdc++.so.6+00779536 _ZNSsD1Ev+00000032
[  5] 0x0000003a91e35e22                                   /lib64/libc.so.6+00220706 exit+00000226
[  6] 0x0000003a9be44988                             /usr/lib64/libX11.so.6+00280968 _XIOError+00000088
[  7] 0x0000003a9be4381d                             /usr/lib64/libX11.so.6+00276509 _XEventsQueued+00000125
[  8] 0x0000003a9be3437f                             /usr/lib64/libX11.so.6+00213887 XEventsQueued+00000111
[  9] 0x00007f84691207d6                                   <unknown-module>+00000000
[ 10] 0x00007f8469131470                                   <unknown-module>+00000000


If this problem is reproducible, please submit a Service Request via:
    http://www.mathworks.com/support/contact_us/

A technical support engineer might contact you with further information.

Thank you for your help.** This crash report has been saved to disk as /home/yhuang9/matlab_crash_dump.16933-1 **



MATLAB is exiting because of fatal error
